<?xml version="1.0" encoding="UTF-8"?>
<!-- Generated by org.testng.reporters.JUnitXMLReporter -->
<testsuite ignored="0" hostname="DESKTOP-06TRTHG" failures="0" tests="7" name="Smoke Testing" time="7.728" errors="0" timestamp="2025-07-17T16:34:10 IST">
  <testcase classname="tests.SecondTest" name="openGoogleHomePage" time="3.153"/>
  <testcase classname="tests.SecondTest" name="searchSeleniumTestNG" time="1.773"/>
  <testcase classname="tests.FirstTest" name="helpSectionTest" time="0.007"/>
  <testcase classname="tests.FirstTest" name="loginTest" time="0.01"/>
  <testcase classname="tests.FirstTest" name="logoutTest" time="0.008"/>
  <testcase classname="tests.FirstTest" name="verifyDashboard" time="0.009"/>
  <testcase classname="tests.FirstTest" name="verifyWelcomeMessage" time="0.005"/>
</testsuite> <!-- Smoke Testing -->
