<?xml version="1.0" encoding="UTF-8"?>
<!-- Generated by org.testng.reporters.JUnitXMLReporter -->
<testsuite ignored="0" hostname="DESKTOP-06TRTHG" failures="0" tests="16" name="Smoke Testing" time="8.124" errors="0" timestamp="2025-07-24T13:17:49 IST">
  <testcase classname="tests.SecondTest" name="openGoogleHomePage" time="1.978"/>
  <testcase classname="tests.SecondTest" name="searchSeleniumTestNG" time="1.448"/>
  <testcase classname="tests.FirstTest" name="helpSectionTest" time="0.003"/>
  <testcase classname="tests.FirstTest" name="loginTest" time="0.004"/>
  <testcase classname="tests.FirstTest" name="logoutTest" time="0.002"/>
  <testcase classname="tests.FirstTest" name="verifyDashboard" time="0.002"/>
  <testcase classname="tests.FirstTest" name="verifyWelcomeMessage" time="0.004"/>
  <testcase classname="tests.FirstTest" name="verifyWelcomeMessage" time="0.003"/>
  <testcase classname="tests.FirstTest" name="verifyWelcomeMessage" time="0.003"/>
  <testcase classname="tests.FirstTest" name="verifyWelcomeMessage" time="0.003"/>
  <testcase classname="tests.FirstTest" name="verifyWelcomeMessage" time="0.004"/>
  <testcase classname="tests.ThirdTest" name="testAddToCart" time="0.004"/>
  <testcase classname="tests.ThirdTest" name="testCheckout" time="0.002"/>
  <testcase classname="tests.ThirdTest" name="testLogin" time="0.003"/>
  <testcase classname="tests.ThirdTest" name="testLogout" time="0.003"/>
  <testcase classname="tests.ThirdTest" name="testSearchProduct" time="0.002"/>
</testsuite> <!-- Smoke Testing -->
