<?xml version="1.0" encoding="UTF-8"?>
<!-- Generated by org.testng.reporters.JUnitXMLReporter -->
<testsuite ignored="0" hostname="DESKTOP-06TRTHG" failures="0" tests="9" name="Default test" time="0.268" errors="0" timestamp="2025-07-24T15:48:56 IST">
  <testcase classname="tests.FirstTest" name="helpSectionTest" time="0.062"/>
  <testcase classname="tests.FirstTest" name="loginTest" time="0.006"/>
  <testcase classname="tests.FirstTest" name="logoutTest" time="0.007"/>
  <testcase classname="tests.FirstTest" name="verifyDashboard" time="0.015"/>
  <testcase classname="tests.FirstTest" name="verifyWelcomeMessage" time="0.007"/>
  <testcase classname="tests.FirstTest" name="verifyWelcomeMessage" time="0.005"/>
  <testcase classname="tests.FirstTest" name="verifyWelcomeMessage" time="0.004"/>
  <testcase classname="tests.FirstTest" name="verifyWelcomeMessage" time="0.008"/>
  <testcase classname="tests.FirstTest" name="verifyWelcomeMessage" time="0.004"/>
</testsuite> <!-- Default test -->
