<?xml version="1.0" encoding="UTF-8"?>
<!-- Generated by org.testng.reporters.JUnitXMLReporter -->
<testsuite ignored="0" hostname="DESKTOP-06TRTHG" failures="0" tests="5" name="Default test" time="0.179" errors="0" timestamp="2025-07-22T19:05:50 IST">
  <testcase classname="tests.ThirdTest" name="testAddToCart" time="0.027"/>
  <testcase classname="tests.ThirdTest" name="testCheckout" time="0.002"/>
  <testcase classname="tests.ThirdTest" name="testLogin" time="0.003"/>
  <testcase classname="tests.ThirdTest" name="testLogout" time="0.007"/>
  <testcase classname="tests.ThirdTest" name="testSearchProduct" time="0.004"/>
</testsuite> <!-- Default test -->
