<?xml version="1.0" encoding="UTF-8"?>
<!-- Generated by org.testng.reporters.JUnitXMLReporter -->
<testsuite ignored="0" hostname="DESKTOP-06TRTHG" failures="0" tests="14" name="Test" time="0.153" errors="0" timestamp="2025-07-24T13:07:45 IST">
  <testcase classname="tests.FirstTest" name="helpSectionTest" time="0.01"/>
  <testcase classname="tests.FirstTest" name="loginTest" time="0.002"/>
  <testcase classname="tests.FirstTest" name="logoutTest" time="0.002"/>
  <testcase classname="tests.FirstTest" name="verifyDashboard" time="0.002"/>
  <testcase classname="tests.FirstTest" name="verifyWelcomeMessage" time="0.001"/>
  <testcase classname="tests.FirstTest" name="verifyWelcomeMessage" time="0.002"/>
  <testcase classname="tests.FirstTest" name="verifyWelcomeMessage" time="0.002"/>
  <testcase classname="tests.FirstTest" name="verifyWelcomeMessage" time="0.002"/>
  <testcase classname="tests.FirstTest" name="verifyWelcomeMessage" time="0.001"/>
  <testcase classname="tests.ThirdTest" name="testAddToCart" time="0.003"/>
  <testcase classname="tests.ThirdTest" name="testCheckout" time="0.004"/>
  <testcase classname="tests.ThirdTest" name="testLogin" time="0.003"/>
  <testcase classname="tests.ThirdTest" name="testLogout" time="0.002"/>
  <testcase classname="tests.ThirdTest" name="testSearchProduct" time="0.003"/>
</testsuite> <!-- Test -->
