<?xml version="1.0" encoding="UTF-8"?>
<!-- Generated by org.testng.reporters.JUnitXMLReporter -->
<testsuite ignored="0" hostname="DESKTOP-06TRTHG" failures="0" tests="16" name="Test" time="4.881" errors="0" timestamp="2025-07-24T13:35:02 IST">
  <testcase classname="tests.FirstTest" name="helpSectionTest" time="0.063"/>
  <testcase classname="tests.FirstTest" name="loginTest" time="0.0"/>
  <testcase classname="tests.FirstTest" name="logoutTest" time="0.009"/>
  <testcase classname="tests.FirstTest" name="verifyDashboard" time="0.003"/>
  <testcase classname="tests.FirstTest" name="verifyWelcomeMessage" time="0.0"/>
  <testcase classname="tests.FirstTest" name="verifyWelcomeMessage" time="0.0"/>
  <testcase classname="tests.FirstTest" name="verifyWelcomeMessage" time="0.0"/>
  <testcase classname="tests.FirstTest" name="verifyWelcomeMessage" time="0.013"/>
  <testcase classname="tests.FirstTest" name="verifyWelcomeMessage" time="0.002"/>
  <testcase classname="tests.SecondTest" name="openGoogleHomePage" time="0.899"/>
  <testcase classname="tests.SecondTest" name="searchSeleniumTestNG" time="0.972"/>
  <testcase classname="tests.ThirdTest" name="testAddToCart" time="0.0"/>
  <testcase classname="tests.ThirdTest" name="testCheckout" time="0.0"/>
  <testcase classname="tests.ThirdTest" name="testLogin" time="0.0"/>
  <testcase classname="tests.ThirdTest" name="testLogout" time="0.0"/>
  <testcase classname="tests.ThirdTest" name="testSearchProduct" time="0.0"/>
</testsuite> <!-- Test -->
