<?xml version="1.0" encoding="UTF-8"?>
<!-- Generated by org.testng.reporters.JUnitXMLReporter -->
<testsuite ignored="0" hostname="DESKTOP-06TRTHG" failures="1" tests="17" name="Test" time="7.311" errors="0" timestamp="2025-07-29T15:49:19 IST">
  <testcase classname="tests.FirstTest" name="helpSectionTest" time="0.082"/>
  <testcase classname="tests.FirstTest" name="loginTest" time="0.003"/>
  <testcase classname="tests.FirstTest" name="logoutTest" time="0.003"/>
  <testcase classname="tests.FirstTest" name="verifyDashboard" time="0.006"/>
  <testcase classname="tests.FirstTest" name="verifyWelcomeMessage" time="0.002"/>
  <testcase classname="tests.FirstTest" name="verifyWelcomeMessage" time="0.002"/>
  <testcase classname="tests.FirstTest" name="verifyWelcomeMessage" time="0.003"/>
  <testcase classname="tests.FirstTest" name="verifyWelcomeMessage" time="0.002"/>
  <testcase classname="tests.FirstTest" name="verifyWelcomeMessage" time="0.002"/>
  <testcase classname="tests.SecondTest" name="openGoogleHomePage" time="1.735"/>
  <testcase classname="tests.SecondTest" name="searchSeleniumTestNG" time="1.728"/>
  <testcase classname="tests.ThirdTest" name="testAddToCart" time="0.003"/>
  <testcase classname="tests.ThirdTest" name="testCheckout" time="0.01">
    <failure type="java.lang.AssertionError" message="❌ testCheckout failed due to payment gateway error.">
      <![CDATA[java.lang.AssertionError: ❌ testCheckout failed due to payment gateway error.
at tests.ThirdTest.testCheckout(ThirdTest.java:34)
at java.base/java.util.ArrayList.forEach(ArrayList.java:1597)
... Removed 30 stack frames]]>
    </failure>
  </testcase> <!-- testCheckout -->
  <testcase classname="tests.ThirdTest" name="testLogin" time="0.007"/>
  <testcase classname="tests.ThirdTest" name="testLogout" time="0.003"/>
  <testcase classname="tests.ThirdTest" name="testOffersPage" time="0.005">
    <skipped/>
  </testcase> <!-- testOffersPage -->
  <testcase classname="tests.ThirdTest" name="testSearchProduct" time="0.009"/>
</testsuite> <!-- Test -->
