<?xml version="1.0" encoding="UTF-8"?>
<testsuite xmlns:xsi="http://www.w3.org/2001/XMLSchema-instance" xsi:noNamespaceSchemaLocation="https://maven.apache.org/surefire/maven-surefire-plugin/xsd/surefire-test-report-3.0.xsd" version="3.0" name="TestSuite" time="8.323" tests="17" errors="0" skipped="1" failures="1">
  <properties>
[...]
</properties>
  <testcase name="helpSectionTest" classname="tests.FirstTest" time="0.162">
    <system-out><![CDATA[Step 1: Navigating to Help section...
Help section accessed
Step 2: Verifying FAQs and support options...
FAQs and support links verified
]]></system-out>
    <system-err><![CDATA[SLF4J: Failed to load class "org.slf4j.impl.StaticLoggerBinder".
SLF4J: Defaulting to no-operation (NOP) logger implementation
SLF4J: See http://www.slf4j.org/codes.html#StaticLoggerBinder for further details.
]]></system-err>
  </testcase>
  <testcase name="loginTest" classname="tests.FirstTest" time="0.007">
    <system-out><![CDATA[Step 1: Navigating to Login Page...
Login page loaded
Step 2: Entering credentials and clicking login...
Username and password entered
Step 3: Verifying login success...
Login successful. User redirected to dashboard
]]></system-out>
  </testcase>
  <testcase name="logoutTest" classname="tests.FirstTest" time="0.009">
    <system-out><![CDATA[Step 1: Clicking on logout button...
Logout initiated
Step 2: Verifying redirection to login page...
Logout successful. User redirected to login page
]]></system-out>
  </testcase>
  <testcase name="verifyDashboard" classname="tests.FirstTest" time="0.005">
    <system-out><![CDATA[Step 1: Checking dashboard elements...
Dashboard loaded successfully
Step 2: Verifying account summary and notifications...
Account summary and notifications verified
]]></system-out>
  </testcase>
  <testcase name="verifyWelcomeMessage" classname="tests.FirstTest" time="0.005">
    <system-out><![CDATA[Step 1: Opening the application...
Application launched successfully
Step 2: Verifying welcome message...
Welcome message verified: 'Welcome to UMAXX Portal'
Step 3: Test execution completed.
Test 'verifyWelcomeMessage' executed successfully
]]></system-out>
  </testcase>
  <testcase name="verifyWelcomeMessage" classname="tests.FirstTest" time="0.007">
    <system-out><![CDATA[Step 1: Opening the application...
Application launched successfully
Step 2: Verifying welcome message...
Welcome message verified: 'Welcome to UMAXX Portal'
Step 3: Test execution completed.
Test 'verifyWelcomeMessage' executed successfully
]]></system-out>
  </testcase>
  <testcase name="verifyWelcomeMessage" classname="tests.FirstTest" time="0.004">
    <system-out><![CDATA[Step 1: Opening the application...
Application launched successfully
Step 2: Verifying welcome message...
Welcome message verified: 'Welcome to UMAXX Portal'
Step 3: Test execution completed.
Test 'verifyWelcomeMessage' executed successfully
]]></system-out>
  </testcase>
  <testcase name="verifyWelcomeMessage" classname="tests.FirstTest" time="0.004">
    <system-out><![CDATA[Step 1: Opening the application...
Application launched successfully
Step 2: Verifying welcome message...
Welcome message verified: 'Welcome to UMAXX Portal'
Step 3: Test execution completed.
Test 'verifyWelcomeMessage' executed successfully
]]></system-out>
  </testcase>
  <testcase name="verifyWelcomeMessage" classname="tests.FirstTest" time="0.007">
    <system-out><![CDATA[Step 1: Opening the application...
Application launched successfully
Step 2: Verifying welcome message...
Welcome message verified: 'Welcome to UMAXX Portal'
Step 3: Test execution completed.
Test 'verifyWelcomeMessage' executed successfully
]]></system-out>
  </testcase>
  <testcase name="openGoogleHomePage" classname="tests.SecondTest" time="1.693">
    <system-out><![CDATA[Browser launched successfully
Navigated to Google.com
Page title is: Google
]]></system-out>
    <system-err><![CDATA[Jul 29, 2025 3:49:15 PM org.openqa.selenium.devtools.CdpVersionFinder findNearestMatch
WARNING: Unable to find an exact match for CDP version 138, returning the closest version; found: 136; Please update to a Selenium version that supports CDP version 138
]]></system-err>
  </testcase>
  <testcase name="searchSeleniumTestNG" classname="tests.SecondTest" time="1.73">
    <system-out><![CDATA[Opened Google for search test
Entered search text: 'Selenium TestNG Tutorial'
Search submitted
]]></system-out>
  </testcase>
  <testcase name="testAddToCart" classname="tests.ThirdTest" time="0.005">
    <system-out><![CDATA[Browser closed after test execution
Executing testAddToCart - console log
]]></system-out>
  </testcase>
  <testcase name="testCheckout" classname="tests.ThirdTest" time="0.032">
    <failure message="❌ testCheckout failed due to payment gateway error." type="java.lang.AssertionError"><![CDATA[java.lang.AssertionError: ❌ testCheckout failed due to payment gateway error.
	at org.testng.Assert.fail(Assert.java:111)
	at tests.ThirdTest.testCheckout(ThirdTest.java:34)
	at java.base/jdk.internal.reflect.DirectMethodHandleAccessor.invoke(DirectMethodHandleAccessor.java:103)
	at java.base/java.lang.reflect.Method.invoke(Method.java:580)
	at org.testng.internal.invokers.MethodInvocationHelper.invokeMethod(MethodInvocationHelper.java:141)
	at org.testng.internal.invokers.TestInvoker.invokeMethod(TestInvoker.java:686)
	at org.testng.internal.invokers.TestInvoker.invokeTestMethod(TestInvoker.java:230)
	at org.testng.internal.invokers.MethodRunner.runInSequence(MethodRunner.java:63)
	at org.testng.internal.invokers.TestInvoker$MethodInvocationAgent.invoke(TestInvoker.java:992)
	at org.testng.internal.invokers.TestInvoker.invokeTestMethods(TestInvoker.java:203)
	at org.testng.internal.invokers.TestMethodWorker.invokeTestMethods(TestMethodWorker.java:154)
	at org.testng.internal.invokers.TestMethodWorker.run(TestMethodWorker.java:134)
	at java.base/java.util.ArrayList.forEach(ArrayList.java:1597)
	at org.testng.TestRunner.privateRun(TestRunner.java:739)
	at org.testng.TestRunner.run(TestRunner.java:614)
	at org.testng.SuiteRunner.runTest(SuiteRunner.java:421)
	at org.testng.SuiteRunner.runSequentially(SuiteRunner.java:413)
	at org.testng.SuiteRunner.privateRun(SuiteRunner.java:373)
	at org.testng.SuiteRunner.run(SuiteRunner.java:312)
	at org.testng.SuiteRunnerWorker.runSuite(SuiteRunnerWorker.java:52)
	at org.testng.SuiteRunnerWorker.run(SuiteRunnerWorker.java:95)
	at org.testng.TestNG.runSuitesSequentially(TestNG.java:1274)
	at org.testng.TestNG.runSuitesLocally(TestNG.java:1208)
	at org.testng.TestNG.runSuites(TestNG.java:1112)
	at org.testng.TestNG.run(TestNG.java:1079)
	at org.apache.maven.surefire.testng.TestNGExecutor.run(TestNGExecutor.java:324)
	at org.apache.maven.surefire.testng.TestNGXmlTestSuite.execute(TestNGXmlTestSuite.java:74)
	at org.apache.maven.surefire.testng.TestNGProvider.invoke(TestNGProvider.java:123)
	at org.apache.maven.surefire.booter.ForkedBooter.runSuitesInProcess(ForkedBooter.java:456)
	at org.apache.maven.surefire.booter.ForkedBooter.execute(ForkedBooter.java:169)
	at org.apache.maven.surefire.booter.ForkedBooter.run(ForkedBooter.java:595)
	at org.apache.maven.surefire.booter.ForkedBooter.main(ForkedBooter.java:581)
]]></failure>
    <system-out><![CDATA[Executing testCheckout - console log
]]></system-out>
  </testcase>
  <testcase name="testLogin" classname="tests.ThirdTest" time="0.01">
    <system-out><![CDATA[Executing testLogin - console log
]]></system-out>
  </testcase>
  <testcase name="testLogout" classname="tests.ThirdTest" time="0.012">
    <system-out><![CDATA[Executing testLogout - console log
]]></system-out>
  </testcase>
  <testcase name="testOffersPage" classname="tests.ThirdTest" time="0">
    <skipped message="⏭️ Skipping testOffersPage due to feature under development."/>
    <system-out><![CDATA[Skipping testOffersPage - console log
]]></system-out>
  </testcase>
  <testcase name="testSearchProduct" classname="tests.ThirdTest" time="0.012">
    <system-out><![CDATA[Executing testSearchProduct - console log
]]></system-out>
  </testcase>
</testsuite>