<?xml version="1.0" encoding="UTF-8"?>
<testsuite xmlns:xsi="http://www.w3.org/2001/XMLSchema-instance" xsi:noNamespaceSchemaLocation="https://maven.apache.org/surefire/maven-surefire-plugin/xsd/surefire-test-report-3.0.xsd" version="3.0" name="TestSuite" time="5.671" tests="16" errors="0" skipped="0" failures="0">
  <properties>
[...]
</properties>
  <testcase name="helpSectionTest" classname="tests.FirstTest" time="0.127">
    <system-out><![CDATA[Step 1: Navigating to Help section...
Help section accessed
Step 2: Verifying FAQs and support options...
FAQs and support links verified
]]></system-out>
    <system-err><![CDATA[SLF4J: Failed to load class "org.slf4j.impl.StaticLoggerBinder".
SLF4J: Defaulting to no-operation (NOP) logger implementation
SLF4J: See http://www.slf4j.org/codes.html#StaticLoggerBinder for further details.
]]></system-err>
  </testcase>
  <testcase name="loginTest" classname="tests.FirstTest" time="0">
    <system-out><![CDATA[Step 1: Navigating to Login Page...
Login page loaded
Step 2: Entering credentials and clicking login...
Username and password entered
Step 3: Verifying login success...
Login successful. User redirected to dashboard
]]></system-out>
  </testcase>
  <testcase name="logoutTest" classname="tests.FirstTest" time="0.002">
    <system-out><![CDATA[Step 1: Clicking on logout button...
Logout initiated
Step 2: Verifying redirection to login page...
Logout successful. User redirected to login page
]]></system-out>
  </testcase>
  <testcase name="verifyDashboard" classname="tests.FirstTest" time="0.004">
    <system-out><![CDATA[Step 1: Checking dashboard elements...
Dashboard loaded successfully
Step 2: Verifying account summary and notifications...
Account summary and notifications verified
]]></system-out>
  </testcase>
  <testcase name="verifyWelcomeMessage" classname="tests.FirstTest" time="0">
    <system-out><![CDATA[Step 1: Opening the application...
Application launched successfully
Step 2: Verifying welcome message...
Welcome message verified: 'Welcome to UMAXX Portal'
Step 3: Test execution completed.
Test 'verifyWelcomeMessage' executed successfully
]]></system-out>
  </testcase>
  <testcase name="verifyWelcomeMessage" classname="tests.FirstTest" time="0">
    <system-out><![CDATA[Step 1: Opening the application...
Application launched successfully
Step 2: Verifying welcome message...
Welcome message verified: 'Welcome to UMAXX Portal'
Step 3: Test execution completed.
Test 'verifyWelcomeMessage' executed successfully
]]></system-out>
  </testcase>
  <testcase name="verifyWelcomeMessage" classname="tests.FirstTest" time="0.013">
    <system-out><![CDATA[Step 1: Opening the application...
Application launched successfully
Step 2: Verifying welcome message...
Welcome message verified: 'Welcome to UMAXX Portal'
Step 3: Test execution completed.
Test 'verifyWelcomeMessage' executed successfully
]]></system-out>
  </testcase>
  <testcase name="verifyWelcomeMessage" classname="tests.FirstTest" time="0.004">
    <system-out><![CDATA[Step 1: Opening the application...
Application launched successfully
Step 2: Verifying welcome message...
Welcome message verified: 'Welcome to UMAXX Portal'
Step 3: Test execution completed.
Test 'verifyWelcomeMessage' executed successfully
]]></system-out>
  </testcase>
  <testcase name="verifyWelcomeMessage" classname="tests.FirstTest" time="0.004">
    <system-out><![CDATA[Step 1: Opening the application...
Application launched successfully
Step 2: Verifying welcome message...
Welcome message verified: 'Welcome to UMAXX Portal'
Step 3: Test execution completed.
Test 'verifyWelcomeMessage' executed successfully
]]></system-out>
  </testcase>
  <testcase name="openGoogleHomePage" classname="tests.SecondTest" time="0.893">
    <system-out><![CDATA[Browser launched successfully
Navigated to Google.com
Page title is: Google
]]></system-out>
    <system-err><![CDATA[Jul 24, 2025 1:35:00 PM org.openqa.selenium.devtools.CdpVersionFinder findNearestMatch
WARNING: Unable to find an exact match for CDP version 138, returning the closest version; found: 136; Please update to a Selenium version that supports CDP version 138
]]></system-err>
  </testcase>
  <testcase name="searchSeleniumTestNG" classname="tests.SecondTest" time="0.983">
    <system-out><![CDATA[Opened Google for search test
Entered search text: 'Selenium TestNG Tutorial'
Search submitted
]]></system-out>
  </testcase>
  <testcase name="testAddToCart" classname="tests.ThirdTest" time="0">
    <system-out><![CDATA[Browser closed after test execution
Executing testAddToCart - console log
]]></system-out>
  </testcase>
  <testcase name="testCheckout" classname="tests.ThirdTest" time="0.016">
    <system-out><![CDATA[Executing testCheckout - console log
]]></system-out>
  </testcase>
  <testcase name="testLogin" classname="tests.ThirdTest" time="0.006">
    <system-out><![CDATA[Executing testLogin - console log
]]></system-out>
  </testcase>
  <testcase name="testLogout" classname="tests.ThirdTest" time="0">
    <system-out><![CDATA[Executing testLogout - console log
]]></system-out>
  </testcase>
  <testcase name="testSearchProduct" classname="tests.ThirdTest" time="0">
    <system-out><![CDATA[Executing testSearchProduct - console log
]]></system-out>
  </testcase>
</testsuite>