<?xml version="1.0" encoding="UTF-8"?>
<testng-results ignored="0" total="9" passed="9" failed="0" skipped="0">
  <reporter-output>
    <line>
      <![CDATA[Help section accessed]]>
    </line>
    <line>
      <![CDATA[FAQs and support links verified]]>
    </line>
    <line>
      <![CDATA[Login page loaded]]>
    </line>
    <line>
      <![CDATA[Username and password entered]]>
    </line>
    <line>
      <![CDATA[Login successful. User redirected to dashboard]]>
    </line>
    <line>
      <![CDATA[Logout initiated]]>
    </line>
    <line>
      <![CDATA[Logout successful. User redirected to login page]]>
    </line>
    <line>
      <![CDATA[Dashboard loaded successfully]]>
    </line>
    <line>
      <![CDATA[Account summary and notifications verified]]>
    </line>
    <line>
      <![CDATA[Application launched successfully]]>
    </line>
    <line>
      <![CDATA[Welcome message verified: 'Welcome to UMAXX Portal']]>
    </line>
    <line>
      <![CDATA[Test 'verifyWelcomeMessage' executed successfully]]>
    </line>
    <line>
      <![CDATA[Application launched successfully]]>
    </line>
    <line>
      <![CDATA[Welcome message verified: 'Welcome to UMAXX Portal']]>
    </line>
    <line>
      <![CDATA[Test 'verifyWelcomeMessage' executed successfully]]>
    </line>
    <line>
      <![CDATA[Application launched successfully]]>
    </line>
    <line>
      <![CDATA[Welcome message verified: 'Welcome to UMAXX Portal']]>
    </line>
    <line>
      <![CDATA[Test 'verifyWelcomeMessage' executed successfully]]>
    </line>
    <line>
      <![CDATA[Application launched successfully]]>
    </line>
    <line>
      <![CDATA[Welcome message verified: 'Welcome to UMAXX Portal']]>
    </line>
    <line>
      <![CDATA[Test 'verifyWelcomeMessage' executed successfully]]>
    </line>
    <line>
      <![CDATA[Application launched successfully]]>
    </line>
    <line>
      <![CDATA[Welcome message verified: 'Welcome to UMAXX Portal']]>
    </line>
    <line>
      <![CDATA[Test 'verifyWelcomeMessage' executed successfully]]>
    </line>
  </reporter-output>
  <suite started-at="2025-07-18T23:45:43 IST" name="Suite" finished-at="2025-07-18T23:45:44 IST" duration-ms="332">
    <groups>
    </groups>
    <test started-at="2025-07-18T23:45:43 IST" name="First" finished-at="2025-07-18T23:45:44 IST" duration-ms="332">
      <class name="tests.FirstTest">
        <test-method signature="helpSectionTest()[pri:0, instance:tests.FirstTest@9816741]" started-at="2025-07-18T23:45:43 IST" name="helpSectionTest" finished-at="2025-07-18T23:45:43 IST" duration-ms="94" status="PASS">
          <reporter-output>
            <line>
              <![CDATA[Help section accessed]]>
            </line>
            <line>
              <![CDATA[FAQs and support links verified]]>
            </line>
          </reporter-output>
        </test-method> <!-- helpSectionTest -->
        <test-method signature="loginTest()[pri:0, instance:tests.FirstTest@9816741]" started-at="2025-07-18T23:45:44 IST" name="loginTest" finished-at="2025-07-18T23:45:44 IST" duration-ms="5" status="PASS">
          <reporter-output>
            <line>
              <![CDATA[Login page loaded]]>
            </line>
            <line>
              <![CDATA[Username and password entered]]>
            </line>
            <line>
              <![CDATA[Login successful. User redirected to dashboard]]>
            </line>
          </reporter-output>
        </test-method> <!-- loginTest -->
        <test-method signature="logoutTest()[pri:0, instance:tests.FirstTest@9816741]" started-at="2025-07-18T23:45:44 IST" name="logoutTest" finished-at="2025-07-18T23:45:44 IST" duration-ms="6" status="PASS">
          <reporter-output>
            <line>
              <![CDATA[Logout initiated]]>
            </line>
            <line>
              <![CDATA[Logout successful. User redirected to login page]]>
            </line>
          </reporter-output>
        </test-method> <!-- logoutTest -->
        <test-method signature="verifyDashboard()[pri:0, instance:tests.FirstTest@9816741]" started-at="2025-07-18T23:45:44 IST" name="verifyDashboard" finished-at="2025-07-18T23:45:44 IST" duration-ms="3" status="PASS">
          <reporter-output>
            <line>
              <![CDATA[Dashboard loaded successfully]]>
            </line>
            <line>
              <![CDATA[Account summary and notifications verified]]>
            </line>
          </reporter-output>
        </test-method> <!-- verifyDashboard -->
        <test-method signature="verifyWelcomeMessage()[pri:0, instance:tests.FirstTest@9816741]" started-at="2025-07-18T23:45:44 IST" name="verifyWelcomeMessage" finished-at="2025-07-18T23:45:44 IST" duration-ms="6" status="PASS">
          <reporter-output>
            <line>
              <![CDATA[Application launched successfully]]>
            </line>
            <line>
              <![CDATA[Welcome message verified: 'Welcome to UMAXX Portal']]>
            </line>
            <line>
              <![CDATA[Test 'verifyWelcomeMessage' executed successfully]]>
            </line>
          </reporter-output>
        </test-method> <!-- verifyWelcomeMessage -->
        <test-method signature="verifyWelcomeMessage()[pri:0, instance:tests.FirstTest@9816741]" started-at="2025-07-18T23:45:44 IST" name="verifyWelcomeMessage" finished-at="2025-07-18T23:45:44 IST" duration-ms="5" status="PASS">
          <reporter-output>
            <line>
              <![CDATA[Application launched successfully]]>
            </line>
            <line>
              <![CDATA[Welcome message verified: 'Welcome to UMAXX Portal']]>
            </line>
            <line>
              <![CDATA[Test 'verifyWelcomeMessage' executed successfully]]>
            </line>
          </reporter-output>
        </test-method> <!-- verifyWelcomeMessage -->
        <test-method signature="verifyWelcomeMessage()[pri:0, instance:tests.FirstTest@9816741]" started-at="2025-07-18T23:45:44 IST" name="verifyWelcomeMessage" finished-at="2025-07-18T23:45:44 IST" duration-ms="6" status="PASS">
          <reporter-output>
            <line>
              <![CDATA[Application launched successfully]]>
            </line>
            <line>
              <![CDATA[Welcome message verified: 'Welcome to UMAXX Portal']]>
            </line>
            <line>
              <![CDATA[Test 'verifyWelcomeMessage' executed successfully]]>
            </line>
          </reporter-output>
        </test-method> <!-- verifyWelcomeMessage -->
        <test-method signature="verifyWelcomeMessage()[pri:0, instance:tests.FirstTest@9816741]" started-at="2025-07-18T23:45:44 IST" name="verifyWelcomeMessage" finished-at="2025-07-18T23:45:44 IST" duration-ms="5" status="PASS">
          <reporter-output>
            <line>
              <![CDATA[Application launched successfully]]>
            </line>
            <line>
              <![CDATA[Welcome message verified: 'Welcome to UMAXX Portal']]>
            </line>
            <line>
              <![CDATA[Test 'verifyWelcomeMessage' executed successfully]]>
            </line>
          </reporter-output>
        </test-method> <!-- verifyWelcomeMessage -->
        <test-method signature="verifyWelcomeMessage()[pri:0, instance:tests.FirstTest@9816741]" started-at="2025-07-18T23:45:44 IST" name="verifyWelcomeMessage" finished-at="2025-07-18T23:45:44 IST" duration-ms="4" status="PASS">
          <reporter-output>
            <line>
              <![CDATA[Application launched successfully]]>
            </line>
            <line>
              <![CDATA[Welcome message verified: 'Welcome to UMAXX Portal']]>
            </line>
            <line>
              <![CDATA[Test 'verifyWelcomeMessage' executed successfully]]>
            </line>
          </reporter-output>
        </test-method> <!-- verifyWelcomeMessage -->
      </class> <!-- tests.FirstTest -->
    </test> <!-- First -->
  </suite> <!-- Suite -->
</testng-results>
