<?xml version="1.0" encoding="UTF-8"?>
<testng-results ignored="0" total="16" passed="16" failed="0" skipped="0">
  <reporter-output>
    <line>
      <![CDATA[Help section accessed]]>
    </line>
    <line>
      <![CDATA[FAQs and support links verified]]>
    </line>
    <line>
      <![CDATA[Login page loaded]]>
    </line>
    <line>
      <![CDATA[Username and password entered]]>
    </line>
    <line>
      <![CDATA[Login successful. User redirected to dashboard]]>
    </line>
    <line>
      <![CDATA[Logout initiated]]>
    </line>
    <line>
      <![CDATA[Logout successful. User redirected to login page]]>
    </line>
    <line>
      <![CDATA[Dashboard loaded successfully]]>
    </line>
    <line>
      <![CDATA[Account summary and notifications verified]]>
    </line>
    <line>
      <![CDATA[Application launched successfully]]>
    </line>
    <line>
      <![CDATA[Welcome message verified: 'Welcome to UMAXX Portal']]>
    </line>
    <line>
      <![CDATA[Test 'verifyWelcomeMessage' executed successfully]]>
    </line>
    <line>
      <![CDATA[Application launched successfully]]>
    </line>
    <line>
      <![CDATA[Welcome message verified: 'Welcome to UMAXX Portal']]>
    </line>
    <line>
      <![CDATA[Test 'verifyWelcomeMessage' executed successfully]]>
    </line>
    <line>
      <![CDATA[Application launched successfully]]>
    </line>
    <line>
      <![CDATA[Welcome message verified: 'Welcome to UMAXX Portal']]>
    </line>
    <line>
      <![CDATA[Test 'verifyWelcomeMessage' executed successfully]]>
    </line>
    <line>
      <![CDATA[Application launched successfully]]>
    </line>
    <line>
      <![CDATA[Welcome message verified: 'Welcome to UMAXX Portal']]>
    </line>
    <line>
      <![CDATA[Test 'verifyWelcomeMessage' executed successfully]]>
    </line>
    <line>
      <![CDATA[Application launched successfully]]>
    </line>
    <line>
      <![CDATA[Welcome message verified: 'Welcome to UMAXX Portal']]>
    </line>
    <line>
      <![CDATA[Test 'verifyWelcomeMessage' executed successfully]]>
    </line>
    <line>
      <![CDATA[Browser launched successfully]]>
    </line>
    <line>
      <![CDATA[Navigated to Google.com]]>
    </line>
    <line>
      <![CDATA[Page title is: Google]]>
    </line>
    <line>
      <![CDATA[Opened Google for search test]]>
    </line>
    <line>
      <![CDATA[Entered search text: 'Selenium TestNG Tutorial']]>
    </line>
    <line>
      <![CDATA[Search submitted]]>
    </line>
    <line>
      <![CDATA[Browser closed after test execution]]>
    </line>
    <line>
      <![CDATA[testAddToCart executed - reported log]]>
    </line>
    <line>
      <![CDATA[testCheckout executed - reported log]]>
    </line>
    <line>
      <![CDATA[testLogin executed - reported log]]>
    </line>
    <line>
      <![CDATA[testLogout executed - reported log]]>
    </line>
    <line>
      <![CDATA[testSearchProduct executed - reported log]]>
    </line>
  </reporter-output>
  <suite started-at="2025-07-24T13:31:50 IST" name="Suite" finished-at="2025-07-24T13:31:56 IST" duration-ms="5968">
    <groups>
    </groups>
    <test started-at="2025-07-24T13:31:50 IST" name="Test" finished-at="2025-07-24T13:31:56 IST" duration-ms="5968">
      <class name="tests.FirstTest">
        <test-method signature="helpSectionTest()[pri:0, instance:tests.FirstTest@2438dcd]" started-at="2025-07-24T13:31:50 IST" name="helpSectionTest" finished-at="2025-07-24T13:31:50 IST" duration-ms="67" status="PASS">
          <reporter-output>
            <line>
              <![CDATA[Help section accessed]]>
            </line>
            <line>
              <![CDATA[FAQs and support links verified]]>
            </line>
          </reporter-output>
        </test-method> <!-- helpSectionTest -->
        <test-method signature="loginTest()[pri:0, instance:tests.FirstTest@2438dcd]" started-at="2025-07-24T13:31:50 IST" name="loginTest" finished-at="2025-07-24T13:31:50 IST" duration-ms="6" status="PASS">
          <reporter-output>
            <line>
              <![CDATA[Login page loaded]]>
            </line>
            <line>
              <![CDATA[Username and password entered]]>
            </line>
            <line>
              <![CDATA[Login successful. User redirected to dashboard]]>
            </line>
          </reporter-output>
        </test-method> <!-- loginTest -->
        <test-method signature="logoutTest()[pri:0, instance:tests.FirstTest@2438dcd]" started-at="2025-07-24T13:31:50 IST" name="logoutTest" finished-at="2025-07-24T13:31:50 IST" duration-ms="9" status="PASS">
          <reporter-output>
            <line>
              <![CDATA[Logout initiated]]>
            </line>
            <line>
              <![CDATA[Logout successful. User redirected to login page]]>
            </line>
          </reporter-output>
        </test-method> <!-- logoutTest -->
        <test-method signature="verifyDashboard()[pri:0, instance:tests.FirstTest@2438dcd]" started-at="2025-07-24T13:31:50 IST" name="verifyDashboard" finished-at="2025-07-24T13:31:50 IST" duration-ms="5" status="PASS">
          <reporter-output>
            <line>
              <![CDATA[Dashboard loaded successfully]]>
            </line>
            <line>
              <![CDATA[Account summary and notifications verified]]>
            </line>
          </reporter-output>
        </test-method> <!-- verifyDashboard -->
        <test-method signature="verifyWelcomeMessage()[pri:0, instance:tests.FirstTest@2438dcd]" started-at="2025-07-24T13:31:50 IST" name="verifyWelcomeMessage" finished-at="2025-07-24T13:31:50 IST" duration-ms="6" status="PASS">
          <reporter-output>
            <line>
              <![CDATA[Application launched successfully]]>
            </line>
            <line>
              <![CDATA[Welcome message verified: 'Welcome to UMAXX Portal']]>
            </line>
            <line>
              <![CDATA[Test 'verifyWelcomeMessage' executed successfully]]>
            </line>
          </reporter-output>
        </test-method> <!-- verifyWelcomeMessage -->
        <test-method signature="verifyWelcomeMessage()[pri:0, instance:tests.FirstTest@2438dcd]" started-at="2025-07-24T13:31:50 IST" name="verifyWelcomeMessage" finished-at="2025-07-24T13:31:50 IST" duration-ms="7" status="PASS">
          <reporter-output>
            <line>
              <![CDATA[Application launched successfully]]>
            </line>
            <line>
              <![CDATA[Welcome message verified: 'Welcome to UMAXX Portal']]>
            </line>
            <line>
              <![CDATA[Test 'verifyWelcomeMessage' executed successfully]]>
            </line>
          </reporter-output>
        </test-method> <!-- verifyWelcomeMessage -->
        <test-method signature="verifyWelcomeMessage()[pri:0, instance:tests.FirstTest@2438dcd]" started-at="2025-07-24T13:31:50 IST" name="verifyWelcomeMessage" finished-at="2025-07-24T13:31:50 IST" duration-ms="4" status="PASS">
          <reporter-output>
            <line>
              <![CDATA[Application launched successfully]]>
            </line>
            <line>
              <![CDATA[Welcome message verified: 'Welcome to UMAXX Portal']]>
            </line>
            <line>
              <![CDATA[Test 'verifyWelcomeMessage' executed successfully]]>
            </line>
          </reporter-output>
        </test-method> <!-- verifyWelcomeMessage -->
        <test-method signature="verifyWelcomeMessage()[pri:0, instance:tests.FirstTest@2438dcd]" started-at="2025-07-24T13:31:50 IST" name="verifyWelcomeMessage" finished-at="2025-07-24T13:31:50 IST" duration-ms="5" status="PASS">
          <reporter-output>
            <line>
              <![CDATA[Application launched successfully]]>
            </line>
            <line>
              <![CDATA[Welcome message verified: 'Welcome to UMAXX Portal']]>
            </line>
            <line>
              <![CDATA[Test 'verifyWelcomeMessage' executed successfully]]>
            </line>
          </reporter-output>
        </test-method> <!-- verifyWelcomeMessage -->
        <test-method signature="verifyWelcomeMessage()[pri:0, instance:tests.FirstTest@2438dcd]" started-at="2025-07-24T13:31:50 IST" name="verifyWelcomeMessage" finished-at="2025-07-24T13:31:50 IST" duration-ms="3" status="PASS">
          <reporter-output>
            <line>
              <![CDATA[Application launched successfully]]>
            </line>
            <line>
              <![CDATA[Welcome message verified: 'Welcome to UMAXX Portal']]>
            </line>
            <line>
              <![CDATA[Test 'verifyWelcomeMessage' executed successfully]]>
            </line>
          </reporter-output>
        </test-method> <!-- verifyWelcomeMessage -->
      </class> <!-- tests.FirstTest -->
      <class name="tests.SecondTest">
        <test-method is-config="true" signature="setup()[pri:0, instance:tests.SecondTest@33f676f6]" started-at="2025-07-24T13:31:50 IST" name="setup" finished-at="2025-07-24T13:31:53 IST" duration-ms="2549" status="PASS">
          <reporter-output>
            <line>
              <![CDATA[Browser launched successfully]]>
            </line>
          </reporter-output>
        </test-method> <!-- setup -->
        <test-method signature="openGoogleHomePage()[pri:0, instance:tests.SecondTest@33f676f6]" started-at="2025-07-24T13:31:53 IST" name="openGoogleHomePage" finished-at="2025-07-24T13:31:54 IST" duration-ms="1370" status="PASS">
          <reporter-output>
            <line>
              <![CDATA[Navigated to Google.com]]>
            </line>
            <line>
              <![CDATA[Page title is: Google]]>
            </line>
          </reporter-output>
        </test-method> <!-- openGoogleHomePage -->
        <test-method signature="searchSeleniumTestNG()[pri:0, instance:tests.SecondTest@33f676f6]" started-at="2025-07-24T13:31:54 IST" name="searchSeleniumTestNG" finished-at="2025-07-24T13:31:56 IST" duration-ms="1450" status="PASS">
          <reporter-output>
            <line>
              <![CDATA[Opened Google for search test]]>
            </line>
            <line>
              <![CDATA[Entered search text: 'Selenium TestNG Tutorial']]>
            </line>
            <line>
              <![CDATA[Search submitted]]>
            </line>
          </reporter-output>
        </test-method> <!-- searchSeleniumTestNG -->
        <test-method is-config="true" signature="tearDown()[pri:0, instance:tests.SecondTest@33f676f6]" started-at="2025-07-24T13:31:56 IST" name="tearDown" finished-at="2025-07-24T13:31:56 IST" duration-ms="238" status="PASS">
          <reporter-output>
            <line>
              <![CDATA[Browser closed after test execution]]>
            </line>
          </reporter-output>
        </test-method> <!-- tearDown -->
      </class> <!-- tests.SecondTest -->
      <class name="tests.ThirdTest">
        <test-method signature="testAddToCart()[pri:0, instance:tests.ThirdTest@4c5ae43b]" started-at="2025-07-24T13:31:56 IST" name="testAddToCart" finished-at="2025-07-24T13:31:56 IST" duration-ms="5" status="PASS">
          <reporter-output>
            <line>
              <![CDATA[testAddToCart executed - reported log]]>
            </line>
          </reporter-output>
        </test-method> <!-- testAddToCart -->
        <test-method signature="testCheckout()[pri:0, instance:tests.ThirdTest@4c5ae43b]" started-at="2025-07-24T13:31:56 IST" name="testCheckout" finished-at="2025-07-24T13:31:56 IST" duration-ms="5" status="PASS">
          <reporter-output>
            <line>
              <![CDATA[testCheckout executed - reported log]]>
            </line>
          </reporter-output>
        </test-method> <!-- testCheckout -->
        <test-method signature="testLogin()[pri:0, instance:tests.ThirdTest@4c5ae43b]" started-at="2025-07-24T13:31:56 IST" name="testLogin" finished-at="2025-07-24T13:31:56 IST" duration-ms="6" status="PASS">
          <reporter-output>
            <line>
              <![CDATA[testLogin executed - reported log]]>
            </line>
          </reporter-output>
        </test-method> <!-- testLogin -->
        <test-method signature="testLogout()[pri:0, instance:tests.ThirdTest@4c5ae43b]" started-at="2025-07-24T13:31:56 IST" name="testLogout" finished-at="2025-07-24T13:31:56 IST" duration-ms="4" status="PASS">
          <reporter-output>
            <line>
              <![CDATA[testLogout executed - reported log]]>
            </line>
          </reporter-output>
        </test-method> <!-- testLogout -->
        <test-method signature="testSearchProduct()[pri:0, instance:tests.ThirdTest@4c5ae43b]" started-at="2025-07-24T13:31:56 IST" name="testSearchProduct" finished-at="2025-07-24T13:31:56 IST" duration-ms="4" status="PASS">
          <reporter-output>
            <line>
              <![CDATA[testSearchProduct executed - reported log]]>
            </line>
          </reporter-output>
        </test-method> <!-- testSearchProduct -->
      </class> <!-- tests.ThirdTest -->
    </test> <!-- Test -->
  </suite> <!-- Suite -->
</testng-results>
