<?xml version="1.0" encoding="UTF-8"?>
<!-- Generated by org.testng.reporters.JUnitReportReporter -->
<testsuite hostname="DESKTOP-06TRTHG" failures="0" tests="3" name="tests.AllureReport" time="1.052" errors="0" timestamp="2025-07-17T16:20:13 IST" skipped="2">
  <testcase classname="tests.AllureReport" name="loginTest" time="1.052"/>
  <testcase classname="tests.AllureReport" name="registration">
    <skipped/>
  </testcase> <!-- registration -->
  <testcase classname="tests.AllureReport" name="logoPresence">
    <skipped/>
  </testcase> <!-- logoPresence -->
  <system-out>
    <![CDATA[Application launched successfully
Welcome message verified: 'Welcome to UMAXX Portal'
Test 'verifyWelcomeMessage' executed successfully]]>
  </system-out>
</testsuite> <!-- tests.AllureReport -->
