<?xml version="1.0" encoding="UTF-8"?>
<!-- Generated by org.testng.reporters.JUnitReportReporter -->
<testsuite hostname="DESKTOP-06TRTHG" failures="0" tests="2" name="tests.SecondTest" time="3.507" errors="0" timestamp="2025-07-22T13:16:20 IST" skipped="0">
  <testcase classname="tests.SecondTest" name="openGoogleHomePage" time="2.182">
    <system-out>
      <![CDATA[Navigated to Google.com
Page title is: Google]]>
    </system-out>
  </testcase> <!-- openGoogleHomePage -->
  <testcase classname="tests.SecondTest" name="searchSeleniumTestNG" time="1.325">
    <system-out>
      <![CDATA[Opened Google for search test
Entered search text: 'Selenium TestNG Tutorial'
Search submitted]]>
    </system-out>
  </testcase> <!-- searchSeleniumTestNG -->
  <system-out>
    <![CDATA[Browser launched successfully
Navigated to Google.com
Page title is: Google
Opened Google for search test
Entered search text: 'Selenium TestNG Tutorial'
Search submitted
Browser closed after test execution
Help section accessed
FAQs and support links verified
Login page loaded
Username and password entered
Login successful. User redirected to dashboard
Logout initiated
Logout successful. User redirected to login page
Dashboard loaded successfully
Account summary and notifications verified
Application launched successfully
Welcome message verified: 'Welcome to UMAXX Portal'
Test 'verifyWelcomeMessage' executed successfully
Application launched successfully
Welcome message verified: 'Welcome to UMAXX Portal'
Test 'verifyWelcomeMessage' executed successfully
Application launched successfully
Welcome message verified: 'Welcome to UMAXX Portal'
Test 'verifyWelcomeMessage' executed successfully
Application launched successfully
Welcome message verified: 'Welcome to UMAXX Portal'
Test 'verifyWelcomeMessage' executed successfully
Application launched successfully
Welcome message verified: 'Welcome to UMAXX Portal'
Test 'verifyWelcomeMessage' executed successfully]]>
  </system-out>
</testsuite> <!-- tests.SecondTest -->
