<?xml version="1.0" encoding="UTF-8"?>
<!-- Generated by org.testng.reporters.JUnitReportReporter -->
<testsuite hostname="DESKTOP-06TRTHG" failures="0" tests="9" name="tests.FirstTest" time="0.047" errors="0" timestamp="2025-07-22T15:08:37 IST" skipped="0">
  <testcase classname="tests.FirstTest" name="verifyWelcomeMessage" time="0.005">
    <system-out>
      <![CDATA[Application launched successfully
Welcome message verified: 'Welcome to UMAXX Portal'
Test 'verifyWelcomeMessage' executed successfully]]>
    </system-out>
  </testcase> <!-- verifyWelcomeMessage -->
  <testcase classname="tests.FirstTest" name="verifyDashboard" time="0.005">
    <system-out>
      <![CDATA[Dashboard loaded successfully
Account summary and notifications verified]]>
    </system-out>
  </testcase> <!-- verifyDashboard -->
  <testcase classname="tests.FirstTest" name="logoutTest" time="0.006">
    <system-out>
      <![CDATA[Logout initiated
Logout successful. User redirected to login page]]>
    </system-out>
  </testcase> <!-- logoutTest -->
  <testcase classname="tests.FirstTest" name="verifyWelcomeMessage" time="0.005">
    <system-out>
      <![CDATA[Application launched successfully
Welcome message verified: 'Welcome to UMAXX Portal'
Test 'verifyWelcomeMessage' executed successfully]]>
    </system-out>
  </testcase> <!-- verifyWelcomeMessage -->
  <testcase classname="tests.FirstTest" name="loginTest" time="0.008">
    <system-out>
      <![CDATA[Login page loaded
Username and password entered
Login successful. User redirected to dashboard]]>
    </system-out>
  </testcase> <!-- loginTest -->
  <testcase classname="tests.FirstTest" name="verifyWelcomeMessage" time="0.005">
    <system-out>
      <![CDATA[Application launched successfully
Welcome message verified: 'Welcome to UMAXX Portal'
Test 'verifyWelcomeMessage' executed successfully]]>
    </system-out>
  </testcase> <!-- verifyWelcomeMessage -->
  <testcase classname="tests.FirstTest" name="verifyWelcomeMessage" time="0.004">
    <system-out>
      <![CDATA[Application launched successfully
Welcome message verified: 'Welcome to UMAXX Portal'
Test 'verifyWelcomeMessage' executed successfully]]>
    </system-out>
  </testcase> <!-- verifyWelcomeMessage -->
  <testcase classname="tests.FirstTest" name="helpSectionTest" time="0.005">
    <system-out>
      <![CDATA[Help section accessed
FAQs and support links verified]]>
    </system-out>
  </testcase> <!-- helpSectionTest -->
  <testcase classname="tests.FirstTest" name="verifyWelcomeMessage" time="0.004">
    <system-out>
      <![CDATA[Application launched successfully
Welcome message verified: 'Welcome to UMAXX Portal'
Test 'verifyWelcomeMessage' executed successfully]]>
    </system-out>
  </testcase> <!-- verifyWelcomeMessage -->
  <system-out>
    <![CDATA[Browser launched successfully
Navigated to Google.com
Page title is: Google
Opened Google for search test
Entered search text: 'Selenium TestNG Tutorial'
Search submitted
Browser closed after test execution
Help section accessed
FAQs and support links verified
Login page loaded
Username and password entered
Login successful. User redirected to dashboard
Logout initiated
Logout successful. User redirected to login page
Dashboard loaded successfully
Account summary and notifications verified
Application launched successfully
Welcome message verified: 'Welcome to UMAXX Portal'
Test 'verifyWelcomeMessage' executed successfully
Application launched successfully
Welcome message verified: 'Welcome to UMAXX Portal'
Test 'verifyWelcomeMessage' executed successfully
Application launched successfully
Welcome message verified: 'Welcome to UMAXX Portal'
Test 'verifyWelcomeMessage' executed successfully
Application launched successfully
Welcome message verified: 'Welcome to UMAXX Portal'
Test 'verifyWelcomeMessage' executed successfully
Application launched successfully
Welcome message verified: 'Welcome to UMAXX Portal'
Test 'verifyWelcomeMessage' executed successfully
testAddToCart executed - reported log
testCheckout executed - reported log
testLogin executed - reported log
testLogout executed - reported log
testSearchProduct executed - reported log]]>
  </system-out>
</testsuite> <!-- tests.FirstTest -->
