<?xml version="1.0" encoding="UTF-8"?>
<!-- Generated by org.testng.reporters.JUnitReportReporter -->
<testsuite hostname="DESKTOP-06TRTHG" failures="0" tests="5" name="tests.ThirdTest" time="0.043" errors="0" timestamp="2025-07-22T19:05:50 IST" skipped="0">
  <testcase classname="tests.ThirdTest" name="testAddToCart" time="0.027">
    <system-out>
      <![CDATA[testAddToCart executed - reported log]]>
    </system-out>
  </testcase> <!-- testAddToCart -->
  <testcase classname="tests.ThirdTest" name="testLogout" time="0.007">
    <system-out>
      <![CDATA[testLogout executed - reported log]]>
    </system-out>
  </testcase> <!-- testLogout -->
  <testcase classname="tests.ThirdTest" name="testCheckout" time="0.002">
    <system-out>
      <![CDATA[testCheckout executed - reported log]]>
    </system-out>
  </testcase> <!-- testCheckout -->
  <testcase classname="tests.ThirdTest" name="testLogin" time="0.003">
    <system-out>
      <![CDATA[testLogin executed - reported log]]>
    </system-out>
  </testcase> <!-- testLogin -->
  <testcase classname="tests.ThirdTest" name="testSearchProduct" time="0.004">
    <system-out>
      <![CDATA[testSearchProduct executed - reported log]]>
    </system-out>
  </testcase> <!-- testSearchProduct -->
  <system-out>
    <![CDATA[testAddToCart executed - reported log
testCheckout executed - reported log
testLogin executed - reported log
testLogout executed - reported log
testSearchProduct executed - reported log]]>
  </system-out>
</testsuite> <!-- tests.ThirdTest -->
