<?xml version="1.0" encoding="UTF-8"?>
<!-- Generated by org.testng.reporters.JUnitReportReporter -->
<testsuite hostname="DESKTOP-06TRTHG" failures="0" tests="5" name="tests.ThirdTest" time="0.018" errors="0" timestamp="2025-07-23T13:09:43 IST" skipped="0">
  <testcase classname="tests.ThirdTest" name="testLogin" time="0.003">
    <system-out>
      <![CDATA[testLogin executed - reported log]]>
    </system-out>
  </testcase> <!-- testLogin -->
  <testcase classname="tests.ThirdTest" name="testLogout" time="0.003">
    <system-out>
      <![CDATA[testLogout executed - reported log]]>
    </system-out>
  </testcase> <!-- testLogout -->
  <testcase classname="tests.ThirdTest" name="testSearchProduct" time="0.004">
    <system-out>
      <![CDATA[testSearchProduct executed - reported log]]>
    </system-out>
  </testcase> <!-- testSearchProduct -->
  <testcase classname="tests.ThirdTest" name="testAddToCart" time="0.003">
    <system-out>
      <![CDATA[testAddToCart executed - reported log]]>
    </system-out>
  </testcase> <!-- testAddToCart -->
  <testcase classname="tests.ThirdTest" name="testCheckout" time="0.005">
    <system-out>
      <![CDATA[testCheckout executed - reported log]]>
    </system-out>
  </testcase> <!-- testCheckout -->
  <system-out>
    <![CDATA[Browser launched successfully
Navigated to Google.com
Page title is: Google
Opened Google for search test
Entered search text: 'Selenium TestNG Tutorial'
Search submitted
Browser closed after test execution
Help section accessed
FAQs and support links verified
Login page loaded
Username and password entered
Login successful. User redirected to dashboard
Logout initiated
Logout successful. User redirected to login page
Dashboard loaded successfully
Account summary and notifications verified
Application launched successfully
Welcome message verified: 'Welcome to UMAXX Portal'
Test 'verifyWelcomeMessage' executed successfully
Application launched successfully
Welcome message verified: 'Welcome to UMAXX Portal'
Test 'verifyWelcomeMessage' executed successfully
Application launched successfully
Welcome message verified: 'Welcome to UMAXX Portal'
Test 'verifyWelcomeMessage' executed successfully
Application launched successfully
Welcome message verified: 'Welcome to UMAXX Portal'
Test 'verifyWelcomeMessage' executed successfully
Application launched successfully
Welcome message verified: 'Welcome to UMAXX Portal'
Test 'verifyWelcomeMessage' executed successfully
testAddToCart executed - reported log
testCheckout executed - reported log
testLogin executed - reported log
testLogout executed - reported log
testSearchProduct executed - reported log]]>
  </system-out>
</testsuite> <!-- tests.ThirdTest -->
